[debug] [2021-11-23T19:15:05.060Z] ----------------------------------------------------------------------
[debug] [2021-11-23T19:15:05.063Z] Command:       C:\Program Files\nodejs\node.exe C:\Users\Lari Sousa\AppData\Roaming\npm\node_modules\firebase-tools\lib\bin\firebase.js init
[debug] [2021-11-23T19:15:05.064Z] CLI Version:   9.9.0
[debug] [2021-11-23T19:15:05.064Z] Platform:      win32
[debug] [2021-11-23T19:15:05.064Z] Node Version:  v14.17.5
[debug] [2021-11-23T19:15:05.065Z] Time:          Tue Nov 23 2021 16:15:05 GMT-0300 (Horário Padrão de Brasília)
[debug] [2021-11-23T19:15:05.065Z] ----------------------------------------------------------------------
[debug] 
[debug] [2021-11-23T19:15:05.074Z] > command requires scopes: ["email","openid","https://www.googleapis.com/auth/cloudplatformprojects.readonly","https://www.googleapis.com/auth/firebase","https://www.googleapis.com/auth/cloud-platform"]
[debug] [2021-11-23T19:15:05.074Z] > authorizing via signed-in user (mytionestudos@gmail.com)
[info] 
     ######## #### ########  ######## ########     ###     ######  ########
     ##        ##  ##     ## ##       ##     ##  ##   ##  ##       ##
     ######    ##  ########  ######   ########  #########  ######  ######
     ##        ##  ##    ##  ##       ##     ## ##     ##       ## ##
     ##       #### ##     ## ######## ########  ##     ##  ######  ########

You're about to initialize a Firebase project in this directory:

  C:\Users\Lari Sousa\Desktop\projetos\projects full\portifolio\pomotime

Before we get started, keep in mind:

  * You are initializing in an existing Firebase project directory

